Removed Pin From Net: NetName=ULN2_IN4 Pin=U10-4
Removed Pin From Net: NetName=ULN2_IN3 Pin=U10-5
Removed Pin From Net: NetName=ULN2_IN2 Pin=U10-6
Removed Pin From Net: NetName=ULN2_IN1 Pin=U10-7
Removed Pin From Net: NetName=ULN1_IN4 Pin=U10-9
Removed Pin From Net: NetName=ULN1_IN3 Pin=U10-10
Removed Pin From Net: NetName=ULN1_IN2 Pin=U10-11
Removed Pin From Net: NetName=ULN1_IN1 Pin=U10-12
Removed Pin From Net: NetName=ULN4_IN4 Pin=U11-4
Removed Pin From Net: NetName=ULN4_IN3 Pin=U11-5
Removed Pin From Net: NetName=ULN4_IN2 Pin=U11-6
Removed Pin From Net: NetName=ULN4_IN1 Pin=U11-7
Removed Pin From Net: NetName=ULN3_IN4 Pin=U11-9
Removed Pin From Net: NetName=ULN3_IN3 Pin=U11-10
Removed Pin From Net: NetName=ULN3_IN2 Pin=U11-11
Removed Pin From Net: NetName=ULN3_IN1 Pin=U11-12
Added Pin To Net: NetName=ULN2_IN1 Pin=U10-4
Added Pin To Net: NetName=ULN2_IN2 Pin=U10-5
Added Pin To Net: NetName=ULN2_IN3 Pin=U10-6
Added Pin To Net: NetName=ULN2_IN4 Pin=U10-7
Added Pin To Net: NetName=ULN1_IN1 Pin=U10-9
Added Pin To Net: NetName=ULN1_IN2 Pin=U10-10
Added Pin To Net: NetName=ULN1_IN3 Pin=U10-11
Added Pin To Net: NetName=ULN1_IN4 Pin=U10-12
Added Pin To Net: NetName=ULN4_IN1 Pin=U11-4
Added Pin To Net: NetName=ULN4_IN2 Pin=U11-5
Added Pin To Net: NetName=ULN4_IN3 Pin=U11-6
Added Pin To Net: NetName=ULN4_IN4 Pin=U11-7
Added Pin To Net: NetName=ULN3_IN1 Pin=U11-9
Added Pin To Net: NetName=ULN3_IN2 Pin=U11-10
Added Pin To Net: NetName=ULN3_IN3 Pin=U11-11
Added Pin To Net: NetName=ULN3_IN4 Pin=U11-12
Added Member To Class: ClassName=Sheet1 Member=Component C1 10 ”F
Added Member To Class: ClassName=Sheet1 Member=Component C2 0.1 ”F
Added Member To Class: ClassName=Sheet1 Member=Component J1 JST 5PIN
Added Member To Class: ClassName=Sheet1 Member=Component J2 PJ-102AH
Added Member To Class: ClassName=Sheet1 Member=Component U2 LM1117-3.3
Added Member To Class: ClassName=Sheet1 Member=Component U3 ULN2003
Added Member To Class: ClassName=Sheet1 Member=Component U5 ULN2003
Added Member To Class: ClassName=Sheet1 Member=Component U6 MINI 360
Added Member To Class: ClassName=Sheet1 Member=Component U8 MINI 360
Added Member To Class: ClassName=Sheet1 Member=Component U9 ULN2003
